#
# There is insufficient memory for the Java Runtime Environment to continue.
# Native memory allocation (mmap) failed to map 4294967296 bytes for G1 virtual space
# Possible reasons:
#   The system is out of physical RAM or swap space
#   The process is running with CompressedOops enabled, and the Java Heap may be blocking the growth of the native heap
# Possible solutions:
#   Reduce memory load on the system
#   Increase physical memory or swap space
#   Check if swap backing store is full
#   Decrease Java heap size (-Xmx/-Xms)
#   Decrease number of Java threads
#   Decrease Java thread stack sizes (-Xss)
#   Set larger code cache with -XX:ReservedCodeCacheSize=
#   JVM is running with Zero Based Compressed Oops mode in which the Java heap is
#     placed in the first 32GB address space. The Java Heap base address is the
#     maximum limit for the native heap growth. Please use -XX:HeapBaseMinAddress
#     to set the Java Heap base and to place the Java Heap above 32GB virtual address.
# This output file may be truncated or incomplete.
#
#  Out of Memory Error (os_windows.cpp:3466), pid=164024, tid=53844
#
# JRE version:  (16.0.1+9) (build )
# Java VM: Java HotSpot(TM) 64-Bit Server VM (16.0.1+9-24, mixed mode, sharing, tiered, compressed oops, compressed class ptrs, g1 gc, windows-amd64)
# No core dump will be written. Minidumps are not enabled by default on client versions of Windows
#

---------------  S U M M A R Y ------------

Command Line: --add-opens=java.base/java.util=ALL-UNNAMED -Xmx4096M -Xms4096M -Dcom.mojang.eula.agree=true paper.jar --noconsole -p 25565 -b ./configs/bukkit.yml --commands-settings ./configs/commands.yml -S ./configs/spigot.yml -W ./worlds/ -w Styxus

Host: AMD Ryzen 5 4500U with Radeon Graphics         , 6 cores, 7G,  Windows 10 , 64 bit Build 19041 (10.0.19041.1023)
Time: Wed Jul 21 20:58:59 2021 Mountain Daylight Time elapsed time: 0.017967 seconds (0d 0h 0m 0s)

---------------  T H R E A D  ---------------

Current thread (0x000001b51f71afa0):  JavaThread "Unknown thread" [_thread_in_vm, id=53844, stack(0x00000070f7e00000,0x00000070f7f00000)]

Stack: [0x00000070f7e00000,0x00000070f7f00000]
Native frames: (J=compiled Java code, j=interpreted, Vv=VM code, C=native code)
V  [jvm.dll+0x6687ca]
V  [jvm.dll+0x7ca3c9]
V  [jvm.dll+0x7cbb53]
V  [jvm.dll+0x7cc1b3]
V  [jvm.dll+0x242ea5]
V  [jvm.dll+0x665589]
V  [jvm.dll+0x65a175]
V  [jvm.dll+0x2fc5ab]
V  [jvm.dll+0x3037a6]
V  [jvm.dll+0x352fee]
V  [jvm.dll+0x35321f]
V  [jvm.dll+0x2d3618]
V  [jvm.dll+0x2d4854]
V  [jvm.dll+0x79ccb1]
V  [jvm.dll+0x360de1]
V  [jvm.dll+0x77a990]
V  [jvm.dll+0x3e55af]
V  [jvm.dll+0x3e7081]
C  [jli.dll+0x52fb]
C  [ucrtbase.dll+0x21bb2]
C  [KERNEL32.DLL+0x17034]
C  [ntdll.dll+0x52651]


---------------  P R O C E S S  ---------------

Threads class SMR info:
_java_thread_list=0x00007ff811adcbb8, length=0, elements={
}

Java Threads: ( => current thread )

Other Threads:
  0x000001b5218e45d0 GCTaskThread "GC Thread#0" [stack: 0x00000070f7f00000,0x00000070f8000000] [id=6416]
  0x000001b5218f5710 ConcurrentGCThread "G1 Main Marker" [stack: 0x00000070f8000000,0x00000070f8100000] [id=38204]
  0x000001b5218f62d0 ConcurrentGCThread "G1 Conc#0" [stack: 0x00000070f8100000,0x00000070f8200000] [id=19900]

[error occurred during error reporting (printing all threads), id 0xc0000005, EXCEPTION_ACCESS_VIOLATION (0xc0000005) at pc=0x00007ff8112b44d7]

VM state: not at safepoint (not fully initialized)

VM Mutex/Monitor currently owned by a thread:  ([mutex/lock_event])
[0x000001b521896bb0] Heap_lock - owner thread: 0x000001b51f71afa0

Heap address: 0x0000000700000000, size: 4096 MB, Compressed Oops mode: Zero based, Oop shift amount: 3

CDS archive(s) mapped at: [0x0000000000000000-0x0000000000000000-0x0000000000000000), size 0, SharedBaseAddress: 0x0000000800000000, ArchiveRelocationMode: 0.
Narrow klass base: 0x0000000000000000, Narrow klass shift: 0, Narrow klass range: 0x0

GC Precious Log:
<Empty>

Heap:
 garbage-first heap   total 0K, used 0K [0x0000000700000000, 0x0000000800000000)
  region size 2048K, 0 young (0K), 0 survivors (0K)

[error occurred during error reporting (printing heap information), id 0xc0000005, EXCEPTION_ACCESS_VIOLATION (0xc0000005) at pc=0x00007ff8116924ed]

GC Heap History (0 events):
No events

Deoptimization events (0 events):
No events

Classes unloaded (0 events):
No events

Classes redefined (0 events):
No events

Internal exceptions (0 events):
No events

Events (1 events):
Event: 0.011 Loaded shared library C:\Program Files\Java\jdk-16.0.1\bin\java.dll


Dynamic libraries:
0x00007ff65f250000 - 0x00007ff65f260000 	C:\Program Files\Java\jdk-16.0.1\bin\java.exe
0x00007ff88eff0000 - 0x00007ff88f1e5000 	C:\WINDOWS\SYSTEM32\ntdll.dll
0x00007ff8869c0000 - 0x00007ff8869d3000 	C:\Program Files\Avast Software\Avast\aswhook.dll
0x00007ff88d900000 - 0x00007ff88d9bd000 	C:\WINDOWS\System32\KERNEL32.DLL
0x00007ff88cd90000 - 0x00007ff88d059000 	C:\WINDOWS\System32\KERNELBASE.dll
0x00007ff88ca10000 - 0x00007ff88cb10000 	C:\WINDOWS\System32\ucrtbase.dll
0x00007ff886120000 - 0x00007ff886138000 	C:\Program Files\Java\jdk-16.0.1\bin\jli.dll
0x00007ff886140000 - 0x00007ff886159000 	C:\Program Files\Java\jdk-16.0.1\bin\VCRUNTIME140.dll
0x00007ff88e070000 - 0x00007ff88e11c000 	C:\WINDOWS\System32\ADVAPI32.dll
0x00007ff88e350000 - 0x00007ff88e3ee000 	C:\WINDOWS\System32\msvcrt.dll
0x00007ff88d080000 - 0x00007ff88d11b000 	C:\WINDOWS\System32\sechost.dll
0x00007ff88df40000 - 0x00007ff88e06a000 	C:\WINDOWS\System32\RPCRT4.dll
0x00007ff88e120000 - 0x00007ff88e2c0000 	C:\WINDOWS\System32\USER32.dll
0x00007ff88cb10000 - 0x00007ff88cb32000 	C:\WINDOWS\System32\win32u.dll
0x00007ff877270000 - 0x00007ff87750a000 	C:\WINDOWS\WinSxS\amd64_microsoft.windows.common-controls_6595b64144ccf1df_6.0.19041.1110_none_60b5254171f9507e\COMCTL32.dll
0x00007ff88e5a0000 - 0x00007ff88e5ca000 	C:\WINDOWS\System32\GDI32.dll
0x00007ff88cb40000 - 0x00007ff88cc4b000 	C:\WINDOWS\System32\gdi32full.dll
0x00007ff88c890000 - 0x00007ff88c92d000 	C:\WINDOWS\System32\msvcp_win.dll
0x00007ff8862d0000 - 0x00007ff8862da000 	C:\WINDOWS\SYSTEM32\VERSION.dll
0x00007ff88dc10000 - 0x00007ff88dc40000 	C:\WINDOWS\System32\IMM32.DLL
0x00007ff887370000 - 0x00007ff88737c000 	C:\Program Files\Java\jdk-16.0.1\bin\vcruntime140_1.dll
0x00007ff86e460000 - 0x00007ff86e4f1000 	C:\Program Files\Java\jdk-16.0.1\bin\msvcp140.dll
0x00007ff810fd0000 - 0x00007ff811b7b000 	C:\Program Files\Java\jdk-16.0.1\bin\server\jvm.dll
0x00007ff88db30000 - 0x00007ff88db38000 	C:\WINDOWS\System32\PSAPI.DLL
0x00007ff881f60000 - 0x00007ff881f87000 	C:\WINDOWS\SYSTEM32\WINMM.dll
0x00007ff883dd0000 - 0x00007ff883dd9000 	C:\WINDOWS\SYSTEM32\WSOCK32.dll
0x00007ff88e5d0000 - 0x00007ff88e63b000 	C:\WINDOWS\System32\WS2_32.dll
0x00007ff88afb0000 - 0x00007ff88afc2000 	C:\WINDOWS\SYSTEM32\kernel.appcore.dll
0x00007ff884470000 - 0x00007ff88447a000 	C:\Program Files\Java\jdk-16.0.1\bin\jimage.dll
0x00007ff88a480000 - 0x00007ff88a664000 	C:\WINDOWS\SYSTEM32\DBGHELP.DLL
0x00007ff8811c0000 - 0x00007ff8811ec000 	C:\WINDOWS\SYSTEM32\dbgcore.DLL
0x00007ff88ccb0000 - 0x00007ff88cd33000 	C:\WINDOWS\System32\bcryptPrimitives.dll
0x00007ff8727c0000 - 0x00007ff8727e5000 	C:\Program Files\Java\jdk-16.0.1\bin\java.dll

dbghelp: loaded successfully - version: 4.0.5 - missing functions: none
symbol engine: initialized successfully - sym options: 0x614 - pdb path: .;C:\Program Files\Java\jdk-16.0.1\bin;C:\WINDOWS\SYSTEM32;C:\Program Files\Avast Software\Avast;C:\WINDOWS\WinSxS\amd64_microsoft.windows.common-controls_6595b64144ccf1df_6.0.19041.1110_none_60b5254171f9507e;C:\Program Files\Java\jdk-16.0.1\bin\server

VM Arguments:
jvm_args: --add-opens=java.base/java.util=ALL-UNNAMED -Xmx4096M -Xms4096M -Dcom.mojang.eula.agree=true 
java_command: paper.jar --noconsole -p 25565 -b ./configs/bukkit.yml --commands-settings ./configs/commands.yml -S ./configs/spigot.yml -W ./worlds/ -w Styxus
java_class_path (initial): paper.jar
Launcher Type: SUN_STANDARD

[Global flags]
     intx CICompilerCount                          = 3                                         {product} {ergonomic}
     uint ConcGCThreads                            = 2                                         {product} {ergonomic}
     uint G1ConcRefinementThreads                  = 6                                         {product} {ergonomic}
   size_t G1HeapRegionSize                         = 2097152                                   {product} {ergonomic}
    uintx GCDrainStackTargetSize                   = 64                                        {product} {ergonomic}
   size_t InitialHeapSize                          = 4294967296                                {product} {command line}
   size_t MarkStackSize                            = 4194304                                   {product} {ergonomic}
   size_t MaxHeapSize                              = 4294967296                                {product} {command line}
   size_t MinHeapDeltaBytes                        = 2097152                                   {product} {ergonomic}
   size_t MinHeapSize                              = 4294967296                                {product} {command line}
    uintx NonNMethodCodeHeapSize                   = 5832780                                {pd product} {ergonomic}
    uintx NonProfiledCodeHeapSize                  = 122912730                              {pd product} {ergonomic}
    uintx ProfiledCodeHeapSize                     = 122912730                              {pd product} {ergonomic}
    uintx ReservedCodeCacheSize                    = 251658240                              {pd product} {ergonomic}
     bool SegmentedCodeCache                       = true                                      {product} {ergonomic}
   size_t SoftMaxHeapSize                          = 4294967296                             {manageable} {ergonomic}
     bool UseCompressedClassPointers               = true                           {product lp64_product} {ergonomic}
     bool UseCompressedOops                        = true                           {product lp64_product} {ergonomic}
     bool UseG1GC                                  = true                                      {product} {ergonomic}
     bool UseLargePagesIndividualAllocation        = false                                  {pd product} {ergonomic}

Logging:
Log output configuration:
 #0: stdout all=warning uptime,level,tags
 #1: stderr all=off uptime,level,tags

Environment Variables:
JAVA_HOME=C:\Program Files\Java\jdk-16.0.1
PATH=C:\Users\tyler\bin;C:\Program Files\Git\mingw64\bin;C:\Program Files\Git\usr\local\bin;C:\Program Files\Git\usr\bin;C:\Program Files\Git\usr\bin;C:\Program Files\Git\mingw64\bin;C:\Program Files\Git\usr\bin;C:\Users\tyler\bin;C:\Program Files (x86)\Razer Chroma SDK\bin;C:\Program Files\Razer Chroma SDK\bin;C:\Program Files (x86)\Razer\ChromaBroadcast\bin;C:\Program Files\Razer\ChromaBroadcast\bin;C:\Program Files (x86)\Common Files\Oracle\Java\javapath;C:\WINDOWS\system32;C:\WINDOWS;C:\WINDOWS\System32\Wbem;C:\WINDOWS\System32\WindowsPowerShell\v1.0;C:\WINDOWS\System32\OpenSSH;C:\Users\tyler\AppData\Local\Microsoft\WindowsApps;C:\Users\tyler\AppData\Local\GitHubDesktop\bin;C:\WINDOWS\system32\config\systemprofile\AppData\Local\Microsoft\WindowsApps;C:\apache-maven-3.6.3\bin\bin;C:\Program Files\Git\cmd;C:\Program Files\Git\usr\bin;C:\Program Files\Java\jdk-16.0.1\bin;C:\Program Files\PuTTY;C:\Program Files\Docker\Docker\resources\bin;C:\ProgramData\DockerDesktop\version-bin;C:\Program Files\Inkscape\bin;C:\Program Files\Git\usr\bin\vendor_perl;C:\Program Files\Git\usr\bin\core_perl
USERNAME=tyler
SHELL=C:\Program Files\Git\usr\bin\bash.exe
DISPLAY=needs-to-be-defined
LC_CTYPE=C.UTF-8
OS=Windows_NT
PROCESSOR_IDENTIFIER=AMD64 Family 23 Model 96 Stepping 1, AuthenticAMD



---------------  S Y S T E M  ---------------

OS:
 Windows 10 , 64 bit Build 19041 (10.0.19041.1023)
OS uptime: 5 days 14:39 hours
Hyper-V role detected

CPU: total 6 (initial active 6) (6 cores per cpu, 1 threads per core) family 23 model 96 stepping 1 microcode 0x0, cx8, cmov, fxsr, mmx, 3dnowpref, sse, sse2, sse3, ssse3, sse4a, sse4.1, sse4.2, popcnt, lzcnt, tsc, tscinvbit, avx, avx2, aes, clmul, bmi1, bmi2, adx, sha, fma, vzeroupper, clflush, clflushopt, hv

Memory: 4k page, system-wide physical 7600M (378M free)
TotalPageFile size 30166M (AvailPageFile size 1926M)
current process WorkingSet (physical memory assigned to process): 10M, peak: 10M
current process commit charge ("private bytes"): 56M, peak: 4152M

vm_info: Java HotSpot(TM) 64-Bit Server VM (16.0.1+9-24) for windows-amd64 JRE (16.0.1+9-24), built on Mar 26 2021 19:31:42 by "mach5one" with MS VC++ 16.7 (VS2019)

END.
